<?xml version="1.0" encoding="UTF-8"?>
<testng-results skipped="0" failed="2" ignored="0" total="7" passed="5">
  <reporter-output>
  </reporter-output>
  <suite name="Command line suite" duration-ms="70331" started-at="2020-08-10T23:09:23Z" finished-at="2020-08-10T23:10:33Z">
    <groups>
    </groups>
    <test name="Command line test" duration-ms="70331" started-at="2020-08-10T23:09:23Z" finished-at="2020-08-10T23:10:33Z">
      <class name="amazon.qa.testcases.UserAccountPageTest">
        <test-method status="PASS" signature="setup()[pri:0, instance:amazon.qa.testcases.UserAccountPageTest@a48474]" name="setup" is-config="true" duration-ms="8069" started-at="2020-08-10T16:10:01Z" finished-at="2020-08-10T16:10:09Z">
          <reporter-output>
          </reporter-output>
        </test-method> <!-- setup -->
        <test-method status="PASS" signature="UserAccntTest()[pri:1, instance:amazon.qa.testcases.UserAccountPageTest@a48474]" name="UserAccntTest" duration-ms="2628" started-at="2020-08-10T16:10:09Z" finished-at="2020-08-10T16:10:11Z">
          <reporter-output>
          </reporter-output>
        </test-method> <!-- UserAccntTest -->
        <test-method status="PASS" signature="teardown()[pri:0, instance:amazon.qa.testcases.UserAccountPageTest@a48474]" name="teardown" is-config="true" duration-ms="2667" started-at="2020-08-10T16:10:11Z" finished-at="2020-08-10T16:10:14Z">
          <reporter-output>
          </reporter-output>
        </test-method> <!-- teardown -->
      </class> <!-- amazon.qa.testcases.UserAccountPageTest -->
      <class name="amazon.qa.testcases.CreateAccountPageTest">
        <test-method status="FAIL" signature="CreateAccTest(java.lang.String, java.lang.String, java.lang.String)[pri:0, instance:amazon.qa.testcases.CreateAccountPageTest@13f5a29]" name="CreateAccTest" duration-ms="0" started-at="2020-08-10T16:09:23Z" data-provider="getAmazonTestData" finished-at="2020-08-10T16:09:23Z">
          <exception class="org.testng.TestNGException">
            <message>
              <![CDATA[
Data Provider public java.util.Map amazon.qa.testcases.CreateAccountPageTest.getAmazonTestData() must return either Object[][] or Iterator<Object>[], not interface java.util.Map]]>
            </message>
            <full-stacktrace>
              <![CDATA[org.testng.TestNGException: 
Data Provider public java.util.Map amazon.qa.testcases.CreateAccountPageTest.getAmazonTestData() must return either Object[][] or Iterator<Object>[], not interface java.util.Map
	at org.testng.internal.MethodInvocationHelper.invokeDataProvider(MethodInvocationHelper.java:137)
	at org.testng.internal.Parameters.handleParameters(Parameters.java:509)
	at org.testng.internal.Invoker.handleParameters(Invoker.java:1308)
	at org.testng.internal.Invoker.createParameters(Invoker.java:1036)
	at org.testng.internal.Invoker.invokeTestMethods(Invoker.java:1126)
	at org.testng.internal.TestMethodWorker.invokeTestMethods(TestMethodWorker.java:126)
	at org.testng.internal.TestMethodWorker.run(TestMethodWorker.java:109)
	at org.testng.TestRunner.privateRun(TestRunner.java:744)
	at org.testng.TestRunner.run(TestRunner.java:602)
	at org.testng.SuiteRunner.runTest(SuiteRunner.java:380)
	at org.testng.SuiteRunner.runSequentially(SuiteRunner.java:375)
	at org.testng.SuiteRunner.privateRun(SuiteRunner.java:340)
	at org.testng.SuiteRunner.run(SuiteRunner.java:289)
	at org.testng.SuiteRunnerWorker.runSuite(SuiteRunnerWorker.java:52)
	at org.testng.SuiteRunnerWorker.run(SuiteRunnerWorker.java:86)
	at org.testng.TestNG.runSuitesSequentially(TestNG.java:1301)
	at org.testng.TestNG.runSuitesLocally(TestNG.java:1226)
	at org.testng.TestNG.runSuites(TestNG.java:1144)
	at org.testng.TestNG.run(TestNG.java:1115)
	at org.apache.maven.surefire.testng.TestNGExecutor.run(TestNGExecutor.java:77)
	at org.apache.maven.surefire.testng.TestNGDirectoryTestSuite.executeMulti(TestNGDirectoryTestSuite.java:159)
	at org.apache.maven.surefire.testng.TestNGDirectoryTestSuite.execute(TestNGDirectoryTestSuite.java:99)
	at org.apache.maven.surefire.testng.TestNGProvider.invoke(TestNGProvider.java:106)
	at sun.reflect.NativeMethodAccessorImpl.invoke0(Native Method)
	at sun.reflect.NativeMethodAccessorImpl.invoke(Unknown Source)
	at sun.reflect.DelegatingMethodAccessorImpl.invoke(Unknown Source)
	at java.lang.reflect.Method.invoke(Unknown Source)
	at org.apache.maven.surefire.util.ReflectionUtils.invokeMethodWithArray(ReflectionUtils.java:189)
	at org.apache.maven.surefire.booter.ProviderFactory$ProviderProxy.invoke(ProviderFactory.java:165)
	at org.apache.maven.surefire.booter.ProviderFactory.invokeProvider(ProviderFactory.java:85)
	at org.apache.maven.surefire.booter.ForkedBooter.runSuitesInProcess(ForkedBooter.java:115)
	at org.apache.maven.surefire.booter.ForkedBooter.main(ForkedBooter.java:75)
]]>
            </full-stacktrace>
          </exception> <!-- org.testng.TestNGException -->
          <reporter-output>
          </reporter-output>
        </test-method> <!-- CreateAccTest -->
      </class> <!-- amazon.qa.testcases.CreateAccountPageTest -->
      <class name="amazon.qa.testcases.HomePageTest">
        <test-method status="PASS" signature="setup()[pri:0, instance:amazon.qa.testcases.HomePageTest@9d9c55]" name="setup" is-config="true" duration-ms="6748" started-at="2020-08-10T16:09:39Z" finished-at="2020-08-10T16:09:46Z">
          <reporter-output>
          </reporter-output>
        </test-method> <!-- setup -->
        <test-method status="PASS" signature="AmazonLogoTest()[pri:1, instance:amazon.qa.testcases.HomePageTest@9d9c55]" name="AmazonLogoTest" duration-ms="138" started-at="2020-08-10T16:09:46Z" finished-at="2020-08-10T16:09:46Z">
          <reporter-output>
          </reporter-output>
        </test-method> <!-- AmazonLogoTest -->
        <test-method status="PASS" signature="teardown()[pri:0, instance:amazon.qa.testcases.HomePageTest@9d9c55]" name="teardown" is-config="true" duration-ms="770" started-at="2020-08-10T16:09:46Z" finished-at="2020-08-10T16:09:47Z">
          <reporter-output>
          </reporter-output>
        </test-method> <!-- teardown -->
        <test-method status="PASS" signature="setup()[pri:0, instance:amazon.qa.testcases.HomePageTest@9d9c55]" name="setup" is-config="true" duration-ms="6769" started-at="2020-08-10T16:10:25Z" finished-at="2020-08-10T16:10:32Z">
          <reporter-output>
          </reporter-output>
        </test-method> <!-- setup -->
        <test-method status="PASS" signature="SigninTest()[pri:2, instance:amazon.qa.testcases.HomePageTest@9d9c55]" name="SigninTest" duration-ms="1119" started-at="2020-08-10T16:10:32Z" finished-at="2020-08-10T16:10:33Z">
          <reporter-output>
          </reporter-output>
        </test-method> <!-- SigninTest -->
        <test-method status="PASS" signature="teardown()[pri:0, instance:amazon.qa.testcases.HomePageTest@9d9c55]" name="teardown" is-config="true" duration-ms="614" started-at="2020-08-10T16:10:33Z" finished-at="2020-08-10T16:10:33Z">
          <reporter-output>
          </reporter-output>
        </test-method> <!-- teardown -->
      </class> <!-- amazon.qa.testcases.HomePageTest -->
      <class name="amazon.qa.testcases.EmailSignInPageTest">
        <test-method status="PASS" signature="setup()[pri:0, instance:amazon.qa.testcases.EmailSignInPageTest@1560810]" name="setup" is-config="true" duration-ms="11621" started-at="2020-08-10T16:09:23Z" finished-at="2020-08-10T16:09:35Z">
          <reporter-output>
          </reporter-output>
        </test-method> <!-- setup -->
        <test-method status="PASS" signature="emailTest()[pri:1, instance:amazon.qa.testcases.EmailSignInPageTest@1560810]" name="emailTest" duration-ms="723" started-at="2020-08-10T16:09:35Z" finished-at="2020-08-10T16:09:35Z">
          <reporter-output>
          </reporter-output>
        </test-method> <!-- emailTest -->
        <test-method status="PASS" signature="teardown()[pri:0, instance:amazon.qa.testcases.EmailSignInPageTest@1560810]" name="teardown" is-config="true" duration-ms="3681" started-at="2020-08-10T16:09:35Z" finished-at="2020-08-10T16:09:39Z">
          <reporter-output>
          </reporter-output>
        </test-method> <!-- teardown -->
        <test-method status="PASS" signature="setup()[pri:0, instance:amazon.qa.testcases.EmailSignInPageTest@1560810]" name="setup" is-config="true" duration-ms="6681" started-at="2020-08-10T16:10:14Z" finished-at="2020-08-10T16:10:21Z">
          <reporter-output>
          </reporter-output>
        </test-method> <!-- setup -->
        <test-method status="FAIL" signature="createAccountPageTest()[pri:2, instance:amazon.qa.testcases.EmailSignInPageTest@1560810]" name="createAccountPageTest" duration-ms="478" started-at="2020-08-10T16:10:21Z" finished-at="2020-08-10T16:10:21Z">
          <exception class="org.openqa.selenium.NoAlertPresentException">
            <message>
              <![CDATA[no alert open
  (Session info: chrome=84.0.4147.105)
  (Driver info: chromedriver=2.38.552522 (437e6fbedfa8762dec75e2c5b3ddb86763dc9dcb),platform=Windows NT 6.1.7601 SP1 x86_64) (WARNING: The server did not provide any stacktrace information)
Command duration or timeout: 0 milliseconds
Build info: version: '3.5.3', revision: 'a88d25fe6b', time: '2017-08-29T12:42:44.417Z'
System info: host: 'SNEHA-PC', ip: '192.168.0.16', os.name: 'Windows 7', os.arch: 'x86', os.version: '6.1', java.version: '1.8.0_161'
Driver info: org.openqa.selenium.chrome.ChromeDriver
Capabilities [{mobileEmulationEnabled=false, hasTouchScreen=false, platform=XP, acceptSslCerts=false, acceptInsecureCerts=false, webStorageEnabled=true, browserName=chrome, takesScreenshot=true, javascriptEnabled=true, platformName=XP, setWindowRect=true, unexpectedAlertBehaviour=, applicationCacheEnabled=false, rotatable=false, networkConnectionEnabled=false, chrome={chromedriverVersion=2.38.552522 (437e6fbedfa8762dec75e2c5b3ddb86763dc9dcb), userDataDir=C:\Users\sneha\AppData\Local\Temp\scoped_dir8996_11795}, takesHeapSnapshot=true, pageLoadStrategy=normal, unhandledPromptBehavior=, databaseEnabled=false, handlesAlerts=true, version=84.0.4147.105, browserConnectionEnabled=false, nativeEvents=true, locationContextEnabled=true, cssSelectorsEnabled=true}]
Session ID: 51ab4c77bc635a6a4f63350f6cb700d7]]>
            </message>
            <full-stacktrace>
              <![CDATA[org.openqa.selenium.NoAlertPresentException: no alert open
  (Session info: chrome=84.0.4147.105)
  (Driver info: chromedriver=2.38.552522 (437e6fbedfa8762dec75e2c5b3ddb86763dc9dcb),platform=Windows NT 6.1.7601 SP1 x86_64) (WARNING: The server did not provide any stacktrace information)
Command duration or timeout: 0 milliseconds
Build info: version: '3.5.3', revision: 'a88d25fe6b', time: '2017-08-29T12:42:44.417Z'
System info: host: 'SNEHA-PC', ip: '192.168.0.16', os.name: 'Windows 7', os.arch: 'x86', os.version: '6.1', java.version: '1.8.0_161'
Driver info: org.openqa.selenium.chrome.ChromeDriver
Capabilities [{mobileEmulationEnabled=false, hasTouchScreen=false, platform=XP, acceptSslCerts=false, acceptInsecureCerts=false, webStorageEnabled=true, browserName=chrome, takesScreenshot=true, javascriptEnabled=true, platformName=XP, setWindowRect=true, unexpectedAlertBehaviour=, applicationCacheEnabled=false, rotatable=false, networkConnectionEnabled=false, chrome={chromedriverVersion=2.38.552522 (437e6fbedfa8762dec75e2c5b3ddb86763dc9dcb), userDataDir=C:\Users\sneha\AppData\Local\Temp\scoped_dir8996_11795}, takesHeapSnapshot=true, pageLoadStrategy=normal, unhandledPromptBehavior=, databaseEnabled=false, handlesAlerts=true, version=84.0.4147.105, browserConnectionEnabled=false, nativeEvents=true, locationContextEnabled=true, cssSelectorsEnabled=true}]
Session ID: 51ab4c77bc635a6a4f63350f6cb700d7
	at sun.reflect.NativeConstructorAccessorImpl.newInstance0(Native Method)
	at sun.reflect.NativeConstructorAccessorImpl.newInstance(Unknown Source)
	at sun.reflect.DelegatingConstructorAccessorImpl.newInstance(Unknown Source)
	at java.lang.reflect.Constructor.newInstance(Unknown Source)
	at org.openqa.selenium.remote.ErrorHandler.createThrowable(ErrorHandler.java:215)
	at org.openqa.selenium.remote.ErrorHandler.throwIfResponseFailed(ErrorHandler.java:167)
	at org.openqa.selenium.remote.http.JsonHttpResponseCodec.reconstructValue(JsonHttpResponseCodec.java:40)
	at org.openqa.selenium.remote.http.AbstractHttpResponseCodec.decode(AbstractHttpResponseCodec.java:82)
	at org.openqa.selenium.remote.http.AbstractHttpResponseCodec.decode(AbstractHttpResponseCodec.java:45)
	at org.openqa.selenium.remote.HttpCommandExecutor.execute(HttpCommandExecutor.java:164)
	at org.openqa.selenium.remote.service.DriverCommandExecutor.execute(DriverCommandExecutor.java:82)
	at org.openqa.selenium.remote.RemoteWebDriver.execute(RemoteWebDriver.java:646)
	at org.openqa.selenium.remote.RemoteWebDriver.execute(RemoteWebDriver.java:703)
	at org.openqa.selenium.remote.RemoteWebDriver$RemoteTargetLocator.alert(RemoteWebDriver.java:1029)
	at org.openqa.selenium.support.events.EventFiringWebDriver$EventFiringTargetLocator.alert(EventFiringWebDriver.java:630)
	at amazon.qa.testcases.EmailSignInPageTest.createAccountPageTest(EmailSignInPageTest.java:43)
	at sun.reflect.NativeMethodAccessorImpl.invoke0(Native Method)
	at sun.reflect.NativeMethodAccessorImpl.invoke(Unknown Source)
	at sun.reflect.DelegatingMethodAccessorImpl.invoke(Unknown Source)
	at java.lang.reflect.Method.invoke(Unknown Source)
	at org.testng.internal.MethodInvocationHelper.invokeMethod(MethodInvocationHelper.java:108)
	at org.testng.internal.Invoker.invokeMethod(Invoker.java:661)
	at org.testng.internal.Invoker.invokeTestMethod(Invoker.java:869)
	at org.testng.internal.Invoker.invokeTestMethods(Invoker.java:1193)
	at org.testng.internal.TestMethodWorker.invokeTestMethods(TestMethodWorker.java:126)
	at org.testng.internal.TestMethodWorker.run(TestMethodWorker.java:109)
	at org.testng.TestRunner.privateRun(TestRunner.java:744)
	at org.testng.TestRunner.run(TestRunner.java:602)
	at org.testng.SuiteRunner.runTest(SuiteRunner.java:380)
	at org.testng.SuiteRunner.runSequentially(SuiteRunner.java:375)
	at org.testng.SuiteRunner.privateRun(SuiteRunner.java:340)
	at org.testng.SuiteRunner.run(SuiteRunner.java:289)
	at org.testng.SuiteRunnerWorker.runSuite(SuiteRunnerWorker.java:52)
	at org.testng.SuiteRunnerWorker.run(SuiteRunnerWorker.java:86)
	at org.testng.TestNG.runSuitesSequentially(TestNG.java:1301)
	at org.testng.TestNG.runSuitesLocally(TestNG.java:1226)
	at org.testng.TestNG.runSuites(TestNG.java:1144)
	at org.testng.TestNG.run(TestNG.java:1115)
	at org.apache.maven.surefire.testng.TestNGExecutor.run(TestNGExecutor.java:77)
	at org.apache.maven.surefire.testng.TestNGDirectoryTestSuite.executeMulti(TestNGDirectoryTestSuite.java:159)
	at org.apache.maven.surefire.testng.TestNGDirectoryTestSuite.execute(TestNGDirectoryTestSuite.java:99)
	at org.apache.maven.surefire.testng.TestNGProvider.invoke(TestNGProvider.java:106)
	at sun.reflect.NativeMethodAccessorImpl.invoke0(Native Method)
	at sun.reflect.NativeMethodAccessorImpl.invoke(Unknown Source)
	at sun.reflect.DelegatingMethodAccessorImpl.invoke(Unknown Source)
	at java.lang.reflect.Method.invoke(Unknown Source)
	at org.apache.maven.surefire.util.ReflectionUtils.invokeMethodWithArray(ReflectionUtils.java:189)
	at org.apache.maven.surefire.booter.ProviderFactory$ProviderProxy.invoke(ProviderFactory.java:165)
	at org.apache.maven.surefire.booter.ProviderFactory.invokeProvider(ProviderFactory.java:85)
	at org.apache.maven.surefire.booter.ForkedBooter.runSuitesInProcess(ForkedBooter.java:115)
	at org.apache.maven.surefire.booter.ForkedBooter.main(ForkedBooter.java:75)
]]>
            </full-stacktrace>
          </exception> <!-- org.openqa.selenium.NoAlertPresentException -->
          <reporter-output>
          </reporter-output>
        </test-method> <!-- createAccountPageTest -->
        <test-method status="PASS" signature="teardown()[pri:0, instance:amazon.qa.testcases.EmailSignInPageTest@1560810]" name="teardown" is-config="true" duration-ms="3669" started-at="2020-08-10T16:10:21Z" finished-at="2020-08-10T16:10:25Z">
          <reporter-output>
          </reporter-output>
        </test-method> <!-- teardown -->
      </class> <!-- amazon.qa.testcases.EmailSignInPageTest -->
      <class name="amazon.qa.testcases.PwdSignInPageTest">
        <test-method status="PASS" signature="setup()[pri:0, instance:amazon.qa.testcases.PwdSignInPageTest@1a57a3b]" name="setup" is-config="true" duration-ms="9113" started-at="2020-08-10T16:09:47Z" finished-at="2020-08-10T16:09:56Z">
          <reporter-output>
          </reporter-output>
        </test-method> <!-- setup -->
        <test-method status="PASS" signature="pwdTest()[pri:1, instance:amazon.qa.testcases.PwdSignInPageTest@1a57a3b]" name="pwdTest" duration-ms="168" started-at="2020-08-10T16:09:56Z" finished-at="2020-08-10T16:09:56Z">
          <reporter-output>
          </reporter-output>
        </test-method> <!-- pwdTest -->
        <test-method status="PASS" signature="teardown()[pri:0, instance:amazon.qa.testcases.PwdSignInPageTest@1a57a3b]" name="teardown" is-config="true" duration-ms="4642" started-at="2020-08-10T16:09:56Z" finished-at="2020-08-10T16:10:01Z">
          <reporter-output>
          </reporter-output>
        </test-method> <!-- teardown -->
      </class> <!-- amazon.qa.testcases.PwdSignInPageTest -->
    </test> <!-- Command line test -->
  </suite> <!-- Command line suite -->
</testng-results>
